[2021-12-13T14:09:28.027014+03:00] name.WARNING: FOO_warn [] []
[2021-12-13T14:09:28.044041+03:00] name.ERROR: Bar_err [] []
[2021-12-13T14:09:28.045206+03:00] name.WARNING: Memory1 500592 [] []
[2021-12-13T14:09:28.064904+03:00] name.WARNING: Memory2 619488 [] []
[2021-12-13T14:16:14.367785+03:00] name.WARNING: FOO_warn [] []
[2021-12-13T14:16:14.375980+03:00] name.ERROR: Bar_err [] []
[2021-12-13T14:16:14.377527+03:00] name.WARNING: Memory1 431328 [] []
[2021-12-13T14:16:14.403525+03:00] name.WARNING: Memory2 550224 [] []
[2021-12-13T14:17:03.872312+03:00] name.WARNING: FOO_warn [] []
[2021-12-13T14:17:03.878477+03:00] name.ERROR: Bar_err [] []
[2021-12-13T14:17:03.880936+03:00] name.WARNING: Memory1 427264 [] []
[2021-12-13T14:17:03.888116+03:00] name.WARNING: Memory2 546160 [] []
[2021-12-13T14:34:07.096760+03:00] name.WARNING: FOO_warn [] []
[2021-12-13T14:34:07.132451+03:00] name.ERROR: Bar_err [] []
[2021-12-13T14:34:07.134899+03:00] name.WARNING: Memory1 502216 [] []
[2021-12-13T14:34:07.176220+03:00] name.WARNING: Memory2 621112 [] []
[2021-12-13T14:37:08.393803+03:00] name.WARNING: FOO_warn [] []
[2021-12-13T14:37:08.404293+03:00] name.ERROR: Bar_err [] []
[2021-12-13T14:37:08.406391+03:00] name.WARNING: Memory1 428896 [] []
[2021-12-13T14:37:08.432761+03:00] name.WARNING: Memory2 547792 [] []
[2021-12-13T14:37:37.714922+03:00] name.WARNING: FOO_warn [] []
[2021-12-13T14:37:37.725909+03:00] name.ERROR: Bar_err [] []
[2021-12-13T14:37:37.729164+03:00] name.WARNING: Memory1 428840 [] []
[2021-12-13T14:37:37.764712+03:00] name.WARNING: Memory2 547736 [] []
[2021-12-13T14:38:31.993689+03:00] name.WARNING: FOO_warn [] []
[2021-12-13T14:38:32.005175+03:00] name.ERROR: Bar_err [] []
[2021-12-13T14:38:32.006328+03:00] name.WARNING: Memory1 499104 [] []
[2021-12-13T14:38:32.025460+03:00] name.WARNING: Memory2 618000 [] []
[2021-12-13T14:38:49.915003+03:00] name.WARNING: FOO_warn [] []
[2021-12-13T14:38:49.922801+03:00] name.ERROR: Bar_err [] []
[2021-12-13T14:38:49.924115+03:00] name.WARNING: Memory1 434376 [] []
[2021-12-13T14:38:49.941663+03:00] name.WARNING: Memory2 553272 [] []
[2021-12-13T14:39:32.446352+03:00] name.WARNING: FOO_warn [] []
[2021-12-13T14:39:32.456324+03:00] name.ERROR: Bar_err [] []
[2021-12-13T14:39:32.457500+03:00] name.WARNING: Memory1 499104 [] []
[2021-12-13T14:39:32.474940+03:00] name.WARNING: Memory2 618000 [] []
[2021-12-13T14:41:00.145727+03:00] name.WARNING: FOO_warn [] []
[2021-12-13T14:41:00.155539+03:00] name.ERROR: Bar_err [] []
[2021-12-13T14:41:00.156701+03:00] name.WARNING: Memory1 499120 [] []
[2021-12-13T14:41:00.173690+03:00] name.WARNING: Memory2 618016 [] []
[2021-12-13T14:41:10.913080+03:00] name.WARNING: FOO_warn [] []
[2021-12-13T14:41:10.921432+03:00] name.ERROR: Bar_err [] []
[2021-12-13T14:41:10.923407+03:00] name.WARNING: Memory1 434376 [] []
[2021-12-13T14:41:10.944673+03:00] name.WARNING: Memory2 553272 [] []
[2021-12-13T15:31:40.751833+03:00] name.WARNING: FOO_warn [] []
[2021-12-13T15:31:40.766835+03:00] name.ERROR: Bar_err [] []
[2021-12-13T15:31:40.767566+03:00] name.WARNING: Memory1 443912 [] []
[2021-12-13T15:31:40.856829+03:00] name.WARNING: Memory2 553824 [] []
[2021-12-13T15:32:15.652627+03:00] name.WARNING: FOO_warn [] []
[2021-12-13T15:32:15.664125+03:00] name.ERROR: Bar_err [] []
[2021-12-13T15:32:15.664843+03:00] name.WARNING: Memory1 443912 [] []
[2021-12-13T15:32:15.685751+03:00] name.WARNING: Memory2 553824 [] []
[2021-12-13T15:32:16.532323+03:00] name.WARNING: FOO_warn [] []
[2021-12-13T15:32:16.535564+03:00] name.ERROR: Bar_err [] []
[2021-12-13T15:32:16.536438+03:00] name.WARNING: Memory1 373480 [] []
[2021-12-13T15:32:16.564806+03:00] name.WARNING: Memory2 483392 [] []
[2021-12-13T15:32:17.169374+03:00] name.WARNING: FOO_warn [] []
[2021-12-13T15:32:17.173172+03:00] name.ERROR: Bar_err [] []
[2021-12-13T15:32:17.176232+03:00] name.WARNING: Memory1 373480 [] []
[2021-12-13T15:32:17.201233+03:00] name.WARNING: Memory2 483392 [] []
[2021-12-13T15:32:17.963037+03:00] name.WARNING: FOO_warn [] []
[2021-12-13T15:32:17.966648+03:00] name.ERROR: Bar_err [] []
[2021-12-13T15:32:17.968534+03:00] name.WARNING: Memory1 373480 [] []
[2021-12-13T15:32:17.998101+03:00] name.WARNING: Memory2 483392 [] []
[2021-12-13T15:32:30.495530+03:00] name.WARNING: FOO_warn [] []
[2021-12-13T15:32:30.501715+03:00] name.ERROR: Bar_err [] []
[2021-12-13T15:32:30.502576+03:00] name.WARNING: Memory1 373480 [] []
[2021-12-13T15:32:30.523550+03:00] name.WARNING: Memory2 483392 [] []
[2021-12-13T15:43:47.959981+03:00] name.WARNING: FOO_warn [] []
[2021-12-13T15:43:47.971528+03:00] name.ERROR: Bar_err [] []
[2021-12-13T15:43:47.972593+03:00] name.WARNING: Memory 460800 [] []
[2021-12-13T15:43:47.990953+03:00] name.WARNING: Memory_peak 706832 [] []
[2021-12-13T15:43:47.992526+03:00] name.WARNING: Memory_xdebug 575600 [] []
[2021-12-13T15:43:47.993887+03:00] name.WARNING: Memory_xdebug_peak 706832 [] []
